# TAOpt4.3.0 (18.06.2013 11:01:06) by S. Panek <sebastian.panek@udo.edu> and C. Schoppmeyer <christian.schoppmeyer@bci.tu-dortmund.de> , BCI, TU Dortmund University,
# Starting optimization of model Test at 18.06.2013 11:01:06
Clock # 0	absolute_time
Clock # 1	place_12010
Clock # 2	place_22010
Clock # 3	place_32010
Clock # 4	place_42010
Clock # 5	place_52010
Clock # 6	place_62010
Clock # 7	resource_3001
Clock # 8	resource_3002
Clock # 9	resource_3003
Clock # 10	resource_3004
Clock # 11	resource_3010
Clock # 12	resource_3011
Clock # 13	resource_3012
Clock # 14	resource_3013
Clock # 15	resource_3014
Clock # 16	resource_3015
Clock # 17	resource_3999
Clock # 18	resource_8000
Float variable # 0	product_variable_7001
Float variable # 1	product_variable_5001
Float variable # 2	product_variable_7002
Float variable # 3	product_variable_5004
Float variable # 4	product_variable_5002
Float variable # 5	product_variable_5003
Float variable # 6	campaign_variable_8000
Automaton # 0	main_network_12010	Location #0	place_12010
Automaton # 0	main_network_12010	Location #1	task_11011
Automaton # 0	main_network_12010	Location #2	place_12020
Automaton # 0	main_network_12010	Location #3	task_11020
Automaton # 0	main_network_12010	Location #4	place_12030
Automaton # 0	main_network_12010	Location #5	task_11030
Automaton # 0	main_network_12010	Location #6	place_12040
Automaton # 0	main_network_12010	Location #7	task_11040
Automaton # 0	main_network_12010	Location #8	place_12901
Automaton # 0	main_network_12010	Location #9	task_11901
Automaton # 0	main_network_12010	Location #10	place_12050
Automaton # 0	main_network_12010	Location #11	task_11050
Automaton # 0	main_network_12010	Location #12	place_12060
Automaton # 0	main_network_12010	Location #13	task_11061
Automaton # 0	main_network_12010	Location #14	place_12070
Automaton # 0	main_network_12010	Location #15	task_11070
Automaton # 0	main_network_12010	Location #16	place_12080
Automaton # 0	main_network_12010	Location #17	task_11080
Automaton # 0	main_network_12010	Location #18	place_12090
Automaton # 0	main_network_12010	Location #19	task_11090
Automaton # 0	main_network_12010	Location #20	place_12902
Automaton # 0	main_network_12010	Location #21	task_11903
Automaton # 0	main_network_12010	Location #22	place_12100
Automaton # 0	main_network_12010	Location #23	task_11100
Automaton # 0	main_network_12010	Location #24	place_12110
Automaton # 0	main_network_12010	Location #25	task_11111
Automaton # 0	main_network_12010	Location #26	place_12120
Automaton # 0	main_network_12010	Location #27	task_11120
Automaton # 0	main_network_12010	Location #28	place_12130
Automaton # 0	main_network_12010	Location #29	task_11130
Automaton # 0	main_network_12010	Location #30	place_12140
Automaton # 0	main_network_12010	Location #31	task_11140
Automaton # 0	main_network_12010	Location #32	place_12903
Automaton # 0	main_network_12010	Location #33	task_11905
Automaton # 0	main_network_12010	Location #34	place_12150
Automaton # 0	main_network_12010	Location #35	task_11150
Automaton # 0	main_network_12010	Location #36	place_12160
Automaton # 0	main_network_12010	Location #37	task_11906
Automaton # 0	main_network_12010	Location #38	task_11955
Automaton # 0	main_network_12010	Location #39	task_11956
Automaton # 0	main_network_12010	Location #40	task_11112
Automaton # 0	main_network_12010	Location #41	task_11113
Automaton # 0	main_network_12010	Location #42	task_11114
Automaton # 0	main_network_12010	Location #43	task_11904
Automaton # 0	main_network_12010	Location #44	task_11953
Automaton # 0	main_network_12010	Location #45	task_11954
Automaton # 0	main_network_12010	Location #46	task_11062
Automaton # 0	main_network_12010	Location #47	task_11063
Automaton # 0	main_network_12010	Location #48	task_11064
Automaton # 0	main_network_12010	Location #49	task_11902
Automaton # 0	main_network_12010	Location #50	task_11951
Automaton # 0	main_network_12010	Location #51	task_11952
Automaton # 0	main_network_12010	Location #52	task_11012
Automaton # 0	main_network_12010	Location #53	task_11013
Automaton # 0	main_network_12010	Location #54	task_11014
Automaton # 1	main_network_22010	Location #0	place_22010
Automaton # 1	main_network_22010	Location #1	task_21011
Automaton # 1	main_network_22010	Location #2	place_22020
Automaton # 1	main_network_22010	Location #3	task_21020
Automaton # 1	main_network_22010	Location #4	place_22030
Automaton # 1	main_network_22010	Location #5	task_21030
Automaton # 1	main_network_22010	Location #6	place_22040
Automaton # 1	main_network_22010	Location #7	task_21040
Automaton # 1	main_network_22010	Location #8	place_22901
Automaton # 1	main_network_22010	Location #9	task_21901
Automaton # 1	main_network_22010	Location #10	place_22050
Automaton # 1	main_network_22010	Location #11	task_21050
Automaton # 1	main_network_22010	Location #12	place_22060
Automaton # 1	main_network_22010	Location #13	task_21061
Automaton # 1	main_network_22010	Location #14	place_22070
Automaton # 1	main_network_22010	Location #15	task_21070
Automaton # 1	main_network_22010	Location #16	place_22080
Automaton # 1	main_network_22010	Location #17	task_21080
Automaton # 1	main_network_22010	Location #18	place_22090
Automaton # 1	main_network_22010	Location #19	task_21090
Automaton # 1	main_network_22010	Location #20	place_22902
Automaton # 1	main_network_22010	Location #21	task_21903
Automaton # 1	main_network_22010	Location #22	place_22100
Automaton # 1	main_network_22010	Location #23	task_21100
Automaton # 1	main_network_22010	Location #24	place_22110
Automaton # 1	main_network_22010	Location #25	task_21111
Automaton # 1	main_network_22010	Location #26	place_22120
Automaton # 1	main_network_22010	Location #27	task_21120
Automaton # 1	main_network_22010	Location #28	place_22130
Automaton # 1	main_network_22010	Location #29	task_21130
Automaton # 1	main_network_22010	Location #30	place_22140
Automaton # 1	main_network_22010	Location #31	task_21140
Automaton # 1	main_network_22010	Location #32	place_22903
Automaton # 1	main_network_22010	Location #33	task_21905
Automaton # 1	main_network_22010	Location #34	place_22150
Automaton # 1	main_network_22010	Location #35	task_21150
Automaton # 1	main_network_22010	Location #36	place_22160
Automaton # 1	main_network_22010	Location #37	task_21906
Automaton # 1	main_network_22010	Location #38	task_21955
Automaton # 1	main_network_22010	Location #39	task_21956
Automaton # 1	main_network_22010	Location #40	task_21112
Automaton # 1	main_network_22010	Location #41	task_21113
Automaton # 1	main_network_22010	Location #42	task_21114
Automaton # 1	main_network_22010	Location #43	task_21904
Automaton # 1	main_network_22010	Location #44	task_21953
Automaton # 1	main_network_22010	Location #45	task_21954
Automaton # 1	main_network_22010	Location #46	task_21062
Automaton # 1	main_network_22010	Location #47	task_21063
Automaton # 1	main_network_22010	Location #48	task_21064
Automaton # 1	main_network_22010	Location #49	task_21902
Automaton # 1	main_network_22010	Location #50	task_21951
Automaton # 1	main_network_22010	Location #51	task_21952
Automaton # 1	main_network_22010	Location #52	task_21012
Automaton # 1	main_network_22010	Location #53	task_21013
Automaton # 1	main_network_22010	Location #54	task_21014
Automaton # 2	main_network_32010	Location #0	place_32010
Automaton # 2	main_network_32010	Location #1	task_31011
Automaton # 2	main_network_32010	Location #2	place_32020
Automaton # 2	main_network_32010	Location #3	task_31021
Automaton # 2	main_network_32010	Location #4	place_32031
Automaton # 2	main_network_32010	Location #5	task_31031
Automaton # 2	main_network_32010	Location #6	place_32041
Automaton # 2	main_network_32010	Location #7	task_31041
Automaton # 2	main_network_32010	Location #8	place_32050
Automaton # 2	main_network_32010	Location #9	task_31050
Automaton # 2	main_network_32010	Location #10	place_32901
Automaton # 2	main_network_32010	Location #11	task_31901
Automaton # 2	main_network_32010	Location #12	place_32060
Automaton # 2	main_network_32010	Location #13	task_31060
Automaton # 2	main_network_32010	Location #14	place_32070
Automaton # 2	main_network_32010	Location #15	task_31071
Automaton # 2	main_network_32010	Location #16	place_32080
Automaton # 2	main_network_32010	Location #17	task_31080
Automaton # 2	main_network_32010	Location #18	place_32090
Automaton # 2	main_network_32010	Location #19	task_31090
Automaton # 2	main_network_32010	Location #20	place_32100
Automaton # 2	main_network_32010	Location #21	task_31100
Automaton # 2	main_network_32010	Location #22	place_32902
Automaton # 2	main_network_32010	Location #23	task_31903
Automaton # 2	main_network_32010	Location #24	place_32110
Automaton # 2	main_network_32010	Location #25	task_31110
Automaton # 2	main_network_32010	Location #26	place_32120
Automaton # 2	main_network_32010	Location #27	task_31121
Automaton # 2	main_network_32010	Location #28	place_32130
Automaton # 2	main_network_32010	Location #29	task_31130
Automaton # 2	main_network_32010	Location #30	place_32140
Automaton # 2	main_network_32010	Location #31	task_31140
Automaton # 2	main_network_32010	Location #32	place_32150
Automaton # 2	main_network_32010	Location #33	task_31150
Automaton # 2	main_network_32010	Location #34	place_32903
Automaton # 2	main_network_32010	Location #35	task_31905
Automaton # 2	main_network_32010	Location #36	place_32160
Automaton # 2	main_network_32010	Location #37	task_31160
Automaton # 2	main_network_32010	Location #38	place_32170
Automaton # 2	main_network_32010	Location #39	task_31906
Automaton # 2	main_network_32010	Location #40	task_31955
Automaton # 2	main_network_32010	Location #41	task_31956
Automaton # 2	main_network_32010	Location #42	task_31122
Automaton # 2	main_network_32010	Location #43	task_31123
Automaton # 2	main_network_32010	Location #44	task_31124
Automaton # 2	main_network_32010	Location #45	task_31904
Automaton # 2	main_network_32010	Location #46	task_31953
Automaton # 2	main_network_32010	Location #47	task_31954
Automaton # 2	main_network_32010	Location #48	task_31072
Automaton # 2	main_network_32010	Location #49	task_31073
Automaton # 2	main_network_32010	Location #50	task_31074
Automaton # 2	main_network_32010	Location #51	task_31902
Automaton # 2	main_network_32010	Location #52	task_31951
Automaton # 2	main_network_32010	Location #53	task_31952
Automaton # 2	main_network_32010	Location #54	task_31022
Automaton # 2	main_network_32010	Location #55	place_32032
Automaton # 2	main_network_32010	Location #56	task_31032
Automaton # 2	main_network_32010	Location #57	place_32042
Automaton # 2	main_network_32010	Location #58	task_31042
Automaton # 2	main_network_32010	Location #59	task_31012
Automaton # 2	main_network_32010	Location #60	task_31013
Automaton # 2	main_network_32010	Location #61	task_31014
Automaton # 3	main_network_42010	Location #0	place_42010
Automaton # 3	main_network_42010	Location #1	task_41011
Automaton # 3	main_network_42010	Location #2	place_42020
Automaton # 3	main_network_42010	Location #3	task_41020
Automaton # 3	main_network_42010	Location #4	place_42030
Automaton # 3	main_network_42010	Location #5	task_41030
Automaton # 3	main_network_42010	Location #6	place_42040
Automaton # 3	main_network_42010	Location #7	task_41040
Automaton # 3	main_network_42010	Location #8	place_42901
Automaton # 3	main_network_42010	Location #9	task_41901
Automaton # 3	main_network_42010	Location #10	place_42050
Automaton # 3	main_network_42010	Location #11	task_41050
Automaton # 3	main_network_42010	Location #12	place_42060
Automaton # 3	main_network_42010	Location #13	task_41061
Automaton # 3	main_network_42010	Location #14	place_42070
Automaton # 3	main_network_42010	Location #15	task_41071
Automaton # 3	main_network_42010	Location #16	place_42081
Automaton # 3	main_network_42010	Location #17	task_41081
Automaton # 3	main_network_42010	Location #18	place_42091
Automaton # 3	main_network_42010	Location #19	task_41091
Automaton # 3	main_network_42010	Location #20	place_42100
Automaton # 3	main_network_42010	Location #21	task_41100
Automaton # 3	main_network_42010	Location #22	place_42902
Automaton # 3	main_network_42010	Location #23	task_41903
Automaton # 3	main_network_42010	Location #24	place_42110
Automaton # 3	main_network_42010	Location #25	task_41110
Automaton # 3	main_network_42010	Location #26	place_42120
Automaton # 3	main_network_42010	Location #27	task_41121
Automaton # 3	main_network_42010	Location #28	place_42130
Automaton # 3	main_network_42010	Location #29	task_41131
Automaton # 3	main_network_42010	Location #30	place_42141
Automaton # 3	main_network_42010	Location #31	task_41141
Automaton # 3	main_network_42010	Location #32	place_42151
Automaton # 3	main_network_42010	Location #33	task_41151
Automaton # 3	main_network_42010	Location #34	place_42160
Automaton # 3	main_network_42010	Location #35	task_41160
Automaton # 3	main_network_42010	Location #36	place_42903
Automaton # 3	main_network_42010	Location #37	task_41905
Automaton # 3	main_network_42010	Location #38	place_42170
Automaton # 3	main_network_42010	Location #39	task_41170
Automaton # 3	main_network_42010	Location #40	place_42180
Automaton # 3	main_network_42010	Location #41	task_41906
Automaton # 3	main_network_42010	Location #42	task_41955
Automaton # 3	main_network_42010	Location #43	task_41956
Automaton # 3	main_network_42010	Location #44	task_41132
Automaton # 3	main_network_42010	Location #45	place_42142
Automaton # 3	main_network_42010	Location #46	task_41142
Automaton # 3	main_network_42010	Location #47	place_42152
Automaton # 3	main_network_42010	Location #48	task_41152
Automaton # 3	main_network_42010	Location #49	task_41122
Automaton # 3	main_network_42010	Location #50	task_41123
Automaton # 3	main_network_42010	Location #51	task_41124
Automaton # 3	main_network_42010	Location #52	task_41904
Automaton # 3	main_network_42010	Location #53	task_41953
Automaton # 3	main_network_42010	Location #54	task_41954
Automaton # 3	main_network_42010	Location #55	task_41072
Automaton # 3	main_network_42010	Location #56	place_42082
Automaton # 3	main_network_42010	Location #57	task_41082
Automaton # 3	main_network_42010	Location #58	place_42092
Automaton # 3	main_network_42010	Location #59	task_41092
Automaton # 3	main_network_42010	Location #60	task_41062
Automaton # 3	main_network_42010	Location #61	task_41063
Automaton # 3	main_network_42010	Location #62	task_41064
Automaton # 3	main_network_42010	Location #63	task_41902
Automaton # 3	main_network_42010	Location #64	task_41951
Automaton # 3	main_network_42010	Location #65	task_41952
Automaton # 3	main_network_42010	Location #66	task_41012
Automaton # 3	main_network_42010	Location #67	task_41013
Automaton # 3	main_network_42010	Location #68	task_41014
Automaton # 4	main_network_52010	Location #0	place_52010
Automaton # 4	main_network_52010	Location #1	task_51011
Automaton # 4	main_network_52010	Location #2	place_52020
Automaton # 4	main_network_52010	Location #3	task_51020
Automaton # 4	main_network_52010	Location #4	place_52030
Automaton # 4	main_network_52010	Location #5	task_51030
Automaton # 4	main_network_52010	Location #6	place_52040
Automaton # 4	main_network_52010	Location #7	task_51040
Automaton # 4	main_network_52010	Location #8	place_52901
Automaton # 4	main_network_52010	Location #9	task_51901
Automaton # 4	main_network_52010	Location #10	place_52050
Automaton # 4	main_network_52010	Location #11	task_51050
Automaton # 4	main_network_52010	Location #12	place_52060
Automaton # 4	main_network_52010	Location #13	task_51061
Automaton # 4	main_network_52010	Location #14	place_52070
Automaton # 4	main_network_52010	Location #15	task_51070
Automaton # 4	main_network_52010	Location #16	place_52080
Automaton # 4	main_network_52010	Location #17	task_51080
Automaton # 4	main_network_52010	Location #18	place_52090
Automaton # 4	main_network_52010	Location #19	task_51090
Automaton # 4	main_network_52010	Location #20	place_52902
Automaton # 4	main_network_52010	Location #21	task_51903
Automaton # 4	main_network_52010	Location #22	place_52100
Automaton # 4	main_network_52010	Location #23	task_51100
Automaton # 4	main_network_52010	Location #24	place_52110
Automaton # 4	main_network_52010	Location #25	task_51111
Automaton # 4	main_network_52010	Location #26	place_52120
Automaton # 4	main_network_52010	Location #27	task_51120
Automaton # 4	main_network_52010	Location #28	place_52130
Automaton # 4	main_network_52010	Location #29	task_51130
Automaton # 4	main_network_52010	Location #30	place_52140
Automaton # 4	main_network_52010	Location #31	task_51140
Automaton # 4	main_network_52010	Location #32	place_52903
Automaton # 4	main_network_52010	Location #33	task_51905
Automaton # 4	main_network_52010	Location #34	place_52150
Automaton # 4	main_network_52010	Location #35	task_51150
Automaton # 4	main_network_52010	Location #36	place_52160
Automaton # 4	main_network_52010	Location #37	task_51906
Automaton # 4	main_network_52010	Location #38	task_51955
Automaton # 4	main_network_52010	Location #39	task_51956
Automaton # 4	main_network_52010	Location #40	task_51112
Automaton # 4	main_network_52010	Location #41	task_51113
Automaton # 4	main_network_52010	Location #42	task_51114
Automaton # 4	main_network_52010	Location #43	task_51904
Automaton # 4	main_network_52010	Location #44	task_51953
Automaton # 4	main_network_52010	Location #45	task_51954
Automaton # 4	main_network_52010	Location #46	task_51062
Automaton # 4	main_network_52010	Location #47	task_51063
Automaton # 4	main_network_52010	Location #48	task_51064
Automaton # 4	main_network_52010	Location #49	task_51902
Automaton # 4	main_network_52010	Location #50	task_51951
Automaton # 4	main_network_52010	Location #51	task_51952
Automaton # 4	main_network_52010	Location #52	task_51012
Automaton # 4	main_network_52010	Location #53	task_51013
Automaton # 4	main_network_52010	Location #54	task_51014
Automaton # 5	main_network_62010	Location #0	place_62010
Automaton # 5	main_network_62010	Location #1	task_61011
Automaton # 5	main_network_62010	Location #2	place_62020
Automaton # 5	main_network_62010	Location #3	task_61020
Automaton # 5	main_network_62010	Location #4	place_62030
Automaton # 5	main_network_62010	Location #5	task_61030
Automaton # 5	main_network_62010	Location #6	place_62040
Automaton # 5	main_network_62010	Location #7	task_61040
Automaton # 5	main_network_62010	Location #8	place_62901
Automaton # 5	main_network_62010	Location #9	task_61901
Automaton # 5	main_network_62010	Location #10	place_62050
Automaton # 5	main_network_62010	Location #11	task_61050
Automaton # 5	main_network_62010	Location #12	place_62060
Automaton # 5	main_network_62010	Location #13	task_61061
Automaton # 5	main_network_62010	Location #14	place_62070
Automaton # 5	main_network_62010	Location #15	task_61071
Automaton # 5	main_network_62010	Location #16	place_62081
Automaton # 5	main_network_62010	Location #17	task_61081
Automaton # 5	main_network_62010	Location #18	place_62091
Automaton # 5	main_network_62010	Location #19	task_61091
Automaton # 5	main_network_62010	Location #20	place_62100
Automaton # 5	main_network_62010	Location #21	task_61100
Automaton # 5	main_network_62010	Location #22	place_62902
Automaton # 5	main_network_62010	Location #23	task_61903
Automaton # 5	main_network_62010	Location #24	place_62110
Automaton # 5	main_network_62010	Location #25	task_61110
Automaton # 5	main_network_62010	Location #26	place_62120
Automaton # 5	main_network_62010	Location #27	task_61121
Automaton # 5	main_network_62010	Location #28	place_62130
Automaton # 5	main_network_62010	Location #29	task_61130
Automaton # 5	main_network_62010	Location #30	place_62140
Automaton # 5	main_network_62010	Location #31	task_61140
Automaton # 5	main_network_62010	Location #32	place_62150
Automaton # 5	main_network_62010	Location #33	task_61150
Automaton # 5	main_network_62010	Location #34	place_62903
Automaton # 5	main_network_62010	Location #35	task_61905
Automaton # 5	main_network_62010	Location #36	place_62160
Automaton # 5	main_network_62010	Location #37	task_61160
Automaton # 5	main_network_62010	Location #38	place_62170
Automaton # 5	main_network_62010	Location #39	task_61906
Automaton # 5	main_network_62010	Location #40	task_61955
Automaton # 5	main_network_62010	Location #41	task_61956
Automaton # 5	main_network_62010	Location #42	task_61122
Automaton # 5	main_network_62010	Location #43	task_61123
Automaton # 5	main_network_62010	Location #44	task_61124
Automaton # 5	main_network_62010	Location #45	task_61904
Automaton # 5	main_network_62010	Location #46	task_61953
Automaton # 5	main_network_62010	Location #47	task_61954
Automaton # 5	main_network_62010	Location #48	task_61072
Automaton # 5	main_network_62010	Location #49	place_62082
Automaton # 5	main_network_62010	Location #50	task_61082
Automaton # 5	main_network_62010	Location #51	place_62092
Automaton # 5	main_network_62010	Location #52	task_61092
Automaton # 5	main_network_62010	Location #53	task_61062
Automaton # 5	main_network_62010	Location #54	task_61063
Automaton # 5	main_network_62010	Location #55	task_61064
Automaton # 5	main_network_62010	Location #56	task_61902
Automaton # 5	main_network_62010	Location #57	task_61951
Automaton # 5	main_network_62010	Location #58	task_61952
Automaton # 5	main_network_62010	Location #59	task_61012
Automaton # 5	main_network_62010	Location #60	task_61013
Automaton # 5	main_network_62010	Location #61	task_61014
Automaton # 6	resource_3001	Location #0	idle_conf_1
Automaton # 6	resource_3001	Location #1	busy_task_11011
Automaton # 6	resource_3001	Location #2	busy_task_11012
Automaton # 6	resource_3001	Location #3	busy_task_11013
Automaton # 6	resource_3001	Location #4	busy_task_11014
Automaton # 6	resource_3001	Location #5	busy_task_11040
Automaton # 6	resource_3001	Location #6	busy_task_11061
Automaton # 6	resource_3001	Location #7	busy_task_11062
Automaton # 6	resource_3001	Location #8	busy_task_11063
Automaton # 6	resource_3001	Location #9	busy_task_11064
Automaton # 6	resource_3001	Location #10	busy_task_11090
Automaton # 6	resource_3001	Location #11	busy_task_11111
Automaton # 6	resource_3001	Location #12	busy_task_11112
Automaton # 6	resource_3001	Location #13	busy_task_11113
Automaton # 6	resource_3001	Location #14	busy_task_11114
Automaton # 6	resource_3001	Location #15	busy_task_11140
Automaton # 6	resource_3001	Location #16	busy_task_11951
Automaton # 6	resource_3001	Location #17	busy_task_11952
Automaton # 6	resource_3001	Location #18	busy_task_11953
Automaton # 6	resource_3001	Location #19	busy_task_11954
Automaton # 6	resource_3001	Location #20	busy_task_11955
Automaton # 6	resource_3001	Location #21	busy_task_11956
Automaton # 6	resource_3001	Location #22	busy_task_21011
Automaton # 6	resource_3001	Location #23	busy_task_21012
Automaton # 6	resource_3001	Location #24	busy_task_21013
Automaton # 6	resource_3001	Location #25	busy_task_21014
Automaton # 6	resource_3001	Location #26	busy_task_21040
Automaton # 6	resource_3001	Location #27	busy_task_21061
Automaton # 6	resource_3001	Location #28	busy_task_21062
Automaton # 6	resource_3001	Location #29	busy_task_21063
Automaton # 6	resource_3001	Location #30	busy_task_21064
Automaton # 6	resource_3001	Location #31	busy_task_21090
Automaton # 6	resource_3001	Location #32	busy_task_21111
Automaton # 6	resource_3001	Location #33	busy_task_21112
Automaton # 6	resource_3001	Location #34	busy_task_21113
Automaton # 6	resource_3001	Location #35	busy_task_21114
Automaton # 6	resource_3001	Location #36	busy_task_21140
Automaton # 6	resource_3001	Location #37	busy_task_21951
Automaton # 6	resource_3001	Location #38	busy_task_21952
Automaton # 6	resource_3001	Location #39	busy_task_21953
Automaton # 6	resource_3001	Location #40	busy_task_21954
Automaton # 6	resource_3001	Location #41	busy_task_21955
Automaton # 6	resource_3001	Location #42	busy_task_21956
Automaton # 6	resource_3001	Location #43	busy_task_31011
Automaton # 6	resource_3001	Location #44	busy_task_31012
Automaton # 6	resource_3001	Location #45	busy_task_31013
Automaton # 6	resource_3001	Location #46	busy_task_31014
Automaton # 6	resource_3001	Location #47	busy_task_31050
Automaton # 6	resource_3001	Location #48	busy_task_31071
Automaton # 6	resource_3001	Location #49	busy_task_31072
Automaton # 6	resource_3001	Location #50	busy_task_31073
Automaton # 6	resource_3001	Location #51	busy_task_31074
Automaton # 6	resource_3001	Location #52	busy_task_31100
Automaton # 6	resource_3001	Location #53	busy_task_31121
Automaton # 6	resource_3001	Location #54	busy_task_31122
Automaton # 6	resource_3001	Location #55	busy_task_31123
Automaton # 6	resource_3001	Location #56	busy_task_31124
Automaton # 6	resource_3001	Location #57	busy_task_31150
Automaton # 6	resource_3001	Location #58	busy_task_31951
Automaton # 6	resource_3001	Location #59	busy_task_31952
Automaton # 6	resource_3001	Location #60	busy_task_31953
Automaton # 6	resource_3001	Location #61	busy_task_31954
Automaton # 6	resource_3001	Location #62	busy_task_31955
Automaton # 6	resource_3001	Location #63	busy_task_31956
Automaton # 6	resource_3001	Location #64	busy_task_41011
Automaton # 6	resource_3001	Location #65	busy_task_41012
Automaton # 6	resource_3001	Location #66	busy_task_41013
Automaton # 6	resource_3001	Location #67	busy_task_41014
Automaton # 6	resource_3001	Location #68	busy_task_41040
Automaton # 6	resource_3001	Location #69	busy_task_41061
Automaton # 6	resource_3001	Location #70	busy_task_41062
Automaton # 6	resource_3001	Location #71	busy_task_41063
Automaton # 6	resource_3001	Location #72	busy_task_41064
Automaton # 6	resource_3001	Location #73	busy_task_41100
Automaton # 6	resource_3001	Location #74	busy_task_41121
Automaton # 6	resource_3001	Location #75	busy_task_41122
Automaton # 6	resource_3001	Location #76	busy_task_41123
Automaton # 6	resource_3001	Location #77	busy_task_41124
Automaton # 6	resource_3001	Location #78	busy_task_41160
Automaton # 6	resource_3001	Location #79	busy_task_41951
Automaton # 6	resource_3001	Location #80	busy_task_41952
Automaton # 6	resource_3001	Location #81	busy_task_41953
Automaton # 6	resource_3001	Location #82	busy_task_41954
Automaton # 6	resource_3001	Location #83	busy_task_41955
Automaton # 6	resource_3001	Location #84	busy_task_41956
Automaton # 6	resource_3001	Location #85	busy_task_51011
Automaton # 6	resource_3001	Location #86	busy_task_51012
Automaton # 6	resource_3001	Location #87	busy_task_51013
Automaton # 6	resource_3001	Location #88	busy_task_51014
Automaton # 6	resource_3001	Location #89	busy_task_51040
Automaton # 6	resource_3001	Location #90	busy_task_51061
Automaton # 6	resource_3001	Location #91	busy_task_51062
Automaton # 6	resource_3001	Location #92	busy_task_51063
Automaton # 6	resource_3001	Location #93	busy_task_51064
Automaton # 6	resource_3001	Location #94	busy_task_51090
Automaton # 6	resource_3001	Location #95	busy_task_51111
Automaton # 6	resource_3001	Location #96	busy_task_51112
Automaton # 6	resource_3001	Location #97	busy_task_51113
Automaton # 6	resource_3001	Location #98	busy_task_51114
Automaton # 6	resource_3001	Location #99	busy_task_51140
Automaton # 6	resource_3001	Location #100	busy_task_51951
Automaton # 6	resource_3001	Location #101	busy_task_51952
Automaton # 6	resource_3001	Location #102	busy_task_51953
Automaton # 6	resource_3001	Location #103	busy_task_51954
Automaton # 6	resource_3001	Location #104	busy_task_51955
Automaton # 6	resource_3001	Location #105	busy_task_51956
Automaton # 6	resource_3001	Location #106	busy_task_61011
Automaton # 6	resource_3001	Location #107	busy_task_61012
Automaton # 6	resource_3001	Location #108	busy_task_61013
Automaton # 6	resource_3001	Location #109	busy_task_61014
Automaton # 6	resource_3001	Location #110	busy_task_61040
Automaton # 6	resource_3001	Location #111	busy_task_61061
Automaton # 6	resource_3001	Location #112	busy_task_61062
Automaton # 6	resource_3001	Location #113	busy_task_61063
Automaton # 6	resource_3001	Location #114	busy_task_61064
Automaton # 6	resource_3001	Location #115	busy_task_61100
Automaton # 6	resource_3001	Location #116	busy_task_61121
Automaton # 6	resource_3001	Location #117	busy_task_61122
Automaton # 6	resource_3001	Location #118	busy_task_61123
Automaton # 6	resource_3001	Location #119	busy_task_61124
Automaton # 6	resource_3001	Location #120	busy_task_61150
Automaton # 6	resource_3001	Location #121	busy_task_61951
Automaton # 6	resource_3001	Location #122	busy_task_61952
Automaton # 6	resource_3001	Location #123	busy_task_61953
Automaton # 6	resource_3001	Location #124	busy_task_61954
Automaton # 6	resource_3001	Location #125	busy_task_61955
Automaton # 6	resource_3001	Location #126	busy_task_61956
Automaton # 7	resource_3002	Location #0	idle_conf_1
Automaton # 7	resource_3002	Location #1	busy_task_11020
Automaton # 7	resource_3002	Location #2	busy_task_11120
Automaton # 7	resource_3002	Location #3	busy_task_21070
Automaton # 7	resource_3002	Location #4	busy_task_31021
Automaton # 7	resource_3002	Location #5	busy_task_31032
Automaton # 7	resource_3002	Location #6	busy_task_31080
Automaton # 7	resource_3002	Location #7	busy_task_31130
Automaton # 7	resource_3002	Location #8	busy_task_41071
Automaton # 7	resource_3002	Location #9	busy_task_41082
Automaton # 7	resource_3002	Location #10	busy_task_41131
Automaton # 7	resource_3002	Location #11	busy_task_41142
Automaton # 7	resource_3002	Location #12	busy_task_51120
Automaton # 7	resource_3002	Location #13	busy_task_61020
Automaton # 7	resource_3002	Location #14	busy_task_61071
Automaton # 7	resource_3002	Location #15	busy_task_61082
Automaton # 8	resource_3003	Location #0	idle_conf_1
Automaton # 8	resource_3003	Location #1	busy_task_11070
Automaton # 8	resource_3003	Location #2	busy_task_21020
Automaton # 8	resource_3003	Location #3	busy_task_21120
Automaton # 8	resource_3003	Location #4	busy_task_31022
Automaton # 8	resource_3003	Location #5	busy_task_31031
Automaton # 8	resource_3003	Location #6	busy_task_41020
Automaton # 8	resource_3003	Location #7	busy_task_41072
Automaton # 8	resource_3003	Location #8	busy_task_41081
Automaton # 8	resource_3003	Location #9	busy_task_41132
Automaton # 8	resource_3003	Location #10	busy_task_41141
Automaton # 8	resource_3003	Location #11	busy_task_51020
Automaton # 8	resource_3003	Location #12	busy_task_51070
Automaton # 8	resource_3003	Location #13	busy_task_61072
Automaton # 8	resource_3003	Location #14	busy_task_61081
Automaton # 8	resource_3003	Location #15	busy_task_61130
Automaton # 9	resource_3004	Location #0	idle_conf_1
Automaton # 9	resource_3004	Location #1	busy_task_11030
Automaton # 9	resource_3004	Location #2	busy_task_11080
Automaton # 9	resource_3004	Location #3	busy_task_11130
Automaton # 9	resource_3004	Location #4	busy_task_21030
Automaton # 9	resource_3004	Location #5	busy_task_21080
Automaton # 9	resource_3004	Location #6	busy_task_21130
Automaton # 9	resource_3004	Location #7	busy_task_31041
Automaton # 9	resource_3004	Location #8	busy_task_31042
Automaton # 9	resource_3004	Location #9	busy_task_31090
Automaton # 9	resource_3004	Location #10	busy_task_31140
Automaton # 9	resource_3004	Location #11	busy_task_41030
Automaton # 9	resource_3004	Location #12	busy_task_41091
Automaton # 9	resource_3004	Location #13	busy_task_41092
Automaton # 9	resource_3004	Location #14	busy_task_41151
Automaton # 9	resource_3004	Location #15	busy_task_41152
Automaton # 9	resource_3004	Location #16	busy_task_51030
Automaton # 9	resource_3004	Location #17	busy_task_51080
Automaton # 9	resource_3004	Location #18	busy_task_51130
Automaton # 9	resource_3004	Location #19	busy_task_61030
Automaton # 9	resource_3004	Location #20	busy_task_61091
Automaton # 9	resource_3004	Location #21	busy_task_61092
Automaton # 9	resource_3004	Location #22	busy_task_61140
Automaton # 10	resource_3010	Location #0	idle_conf_1
Automaton # 10	resource_3010	Location #1	busy_task_11050
Automaton # 10	resource_3010	Location #2	busy_task_11100
Automaton # 10	resource_3010	Location #3	busy_task_11150
Automaton # 11	resource_3011	Location #0	idle_conf_1
Automaton # 11	resource_3011	Location #1	busy_task_21050
Automaton # 11	resource_3011	Location #2	busy_task_21100
Automaton # 11	resource_3011	Location #3	busy_task_21150
Automaton # 12	resource_3012	Location #0	idle_conf_1
Automaton # 12	resource_3012	Location #1	busy_task_31060
Automaton # 12	resource_3012	Location #2	busy_task_31110
Automaton # 12	resource_3012	Location #3	busy_task_31160
Automaton # 13	resource_3013	Location #0	idle_conf_1
Automaton # 13	resource_3013	Location #1	busy_task_41050
Automaton # 13	resource_3013	Location #2	busy_task_41110
Automaton # 13	resource_3013	Location #3	busy_task_41170
Automaton # 14	resource_3014	Location #0	idle_conf_1
Automaton # 14	resource_3014	Location #1	busy_task_51050
Automaton # 14	resource_3014	Location #2	busy_task_51100
Automaton # 14	resource_3014	Location #3	busy_task_51150
Automaton # 15	resource_3015	Location #0	idle_conf_1
Automaton # 15	resource_3015	Location #1	busy_task_61050
Automaton # 15	resource_3015	Location #2	busy_task_61110
Automaton # 15	resource_3015	Location #3	busy_task_61160
Automaton # 16	resource_3999	Location #0	idle_conf_1
Automaton # 16	resource_3999	Location #1	busy_task_11901
Automaton # 16	resource_3999	Location #2	busy_task_11902
Automaton # 16	resource_3999	Location #3	busy_task_11903
Automaton # 16	resource_3999	Location #4	busy_task_11904
Automaton # 16	resource_3999	Location #5	busy_task_11905
Automaton # 16	resource_3999	Location #6	busy_task_11906
Automaton # 16	resource_3999	Location #7	busy_task_21901
Automaton # 16	resource_3999	Location #8	busy_task_21902
Automaton # 16	resource_3999	Location #9	busy_task_21903
Automaton # 16	resource_3999	Location #10	busy_task_21904
Automaton # 16	resource_3999	Location #11	busy_task_21905
Automaton # 16	resource_3999	Location #12	busy_task_21906
Automaton # 16	resource_3999	Location #13	busy_task_31901
Automaton # 16	resource_3999	Location #14	busy_task_31902
Automaton # 16	resource_3999	Location #15	busy_task_31903
Automaton # 16	resource_3999	Location #16	busy_task_31904
Automaton # 16	resource_3999	Location #17	busy_task_31905
Automaton # 16	resource_3999	Location #18	busy_task_31906
Automaton # 16	resource_3999	Location #19	busy_task_41901
Automaton # 16	resource_3999	Location #20	busy_task_41902
Automaton # 16	resource_3999	Location #21	busy_task_41903
Automaton # 16	resource_3999	Location #22	busy_task_41904
Automaton # 16	resource_3999	Location #23	busy_task_41905
Automaton # 16	resource_3999	Location #24	busy_task_41906
Automaton # 16	resource_3999	Location #25	busy_task_51901
Automaton # 16	resource_3999	Location #26	busy_task_51902
Automaton # 16	resource_3999	Location #27	busy_task_51903
Automaton # 16	resource_3999	Location #28	busy_task_51904
Automaton # 16	resource_3999	Location #29	busy_task_51905
Automaton # 16	resource_3999	Location #30	busy_task_51906
Automaton # 16	resource_3999	Location #31	busy_task_61901
Automaton # 16	resource_3999	Location #32	busy_task_61902
Automaton # 16	resource_3999	Location #33	busy_task_61903
Automaton # 16	resource_3999	Location #34	busy_task_61904
Automaton # 16	resource_3999	Location #35	busy_task_61905
Automaton # 16	resource_3999	Location #36	busy_task_61906
Automaton # 17	resource_8000	Location #0	idle_conf_1
Automaton # 17	resource_8000	Location #1	idle_conf_2

