9001	1	1011	11011	3001	RELEASE+UNDOCK	74+5
9001	1	1012	11012	3001	MOVE_INIT1_TO_STORAGE+DOCK+RELEASE+UNDOCK	5+10+74+5
9001	1	1013	11013	3001	RELEASE+UNDOCK	74+5
9001	1	1014	11014	3001	MOVE_INIT2_TO_STORAGE+DOCK+RELEASE+UNDOCK	5+10+74+5
9001	1	1020	11020	3002	MOVE_STORAGE_TO_COL1+DOCK+FILL_YELLOW+UNDOCK	5+10+12+5
9001	1	1030	11030	3004	MOVE_COL1_TO_MIX+DOCK+GRAB+MIX+RELEASE+UNDOCK	5+10+36+85+39+5
9001	1	1040	11040	3001	MOVE_MIX_TO_STORAGE+DOCK+GRAB	5+10+87
9001	1	1901	11901	3999	DUMMY	0
9001	1	1902	11902	3999	DUMMY	0
9001	1	1951	11951	3001	MOVE_MIX_TO_STORAGE+MOVE_OTHER_AGV_TO_INIT+DOCK+GRAB	5+5+10+87
9001	1	1952	11952	3001	MOVE_MIX_TO_STORAGE+MOVE_OTHER_AGV_TO_INIT+DOCK+GRAB	5+5+10+87
9001	1	1050	11050	3010	HARDEN	360
9001	1	1061	11061	3001	RELEASE+UNDOCK	74+5
9001	1	1062	11062	3001	MOVE_INIT1_TO_STORAGE+DOCK+RELEASE+UNDOCK	5+10+74+5
9001	1	1063	11063	3001	RELEASE+UNDOCK	74+5
9001	1	1064	11064	3001	MOVE_INIT2_TO_STORAGE+DOCK+RELEASE+UNDOCK	5+10+74+5
9001	1	1070	11070	3003	MOVE_STORAGE_TO_COL2+DOCK+FILL_RED+UNDOCK	5+10+12+5
9001	1	1080	11080	3004	MOVE_COL2_TO_MIX+DOCK+GRAB+MIX+RELEASE+UNDOCK	5+10+36+85+39+5
9001	1	1090	11090	3001	MOVE_MIX_TO_STORAGE+DOCK+GRAB	5+10+87
9001	1	1903	11903	3999	DUMMY	0
9001	1	1904	11904	3999	DUMMY	0
9001	1	1953	11953	3001	MOVE_MIX_TO_STORAGE+MOVE_OTHER_AGV_TO_INIT+DOCK+GRAB	5+5+10+87
9001	1	1954	11954	3001	MOVE_MIX_TO_STORAGE+MOVE_OTHER_AGV_TO_INIT+DOCK+GRAB	5+5+10+87
9001	1	1100	11100	3010	HARDEN	360
9001	1	1111	11111	3001	RELEASE+UNDOCK	74+5
9001	1	1112	11112	3001	MOVE_INIT1_TO_STORAGE+DOCK+RELEASE+UNDOCK	5+10+74+5
9001	1	1113	11113	3001	RELEASE+UNDOCK	74+5
9001	1	1114	11114	3001	MOVE_INIT2_TO_STORAGE+DOCK+RELEASE+UNDOCK	5+10+74+5
9001	1	1120	11120	3002	MOVE_STORAGE_TO_COL1+DOCK+FILL_BLACK+UNDOCK	5+10+12+5
9001	1	1130	11130	3004	MOVE_COL1_TO_MIX+DOCK+GRAB+MIX+RELEASE+UNDOCK	5+10+36+85+39+5
9001	1	1140	11140	3001	MOVE_MIX_TO_STORAGE+DOCK+GRAB	5+10+87
9001	1	1905	11905	3999	DUMMY	0
9001	1	1906	11906	3999	DUMMY	0
9001	1	1955	11955	3001	MOVE_MIX_TO_STORAGE+MOVE_OTHER_AGV_TO_INIT+DOCK+GRAB	5+5+10+87
9001	1	1956	11956	3001	MOVE_MIX_TO_STORAGE+MOVE_OTHER_AGV_TO_INIT+DOCK+GRAB	5+5+10+87
9001	1	1150	11150	3010	HARDEN	360
9002	2	1011	21011	3001	RELEASE+UNDOCK	74+5
9002	2	1012	21012	3001	MOVE_INIT1_TO_STORAGE+DOCK+RELEASE+UNDOCK	5+10+74+5
9002	2	1013	21013	3001	RELEASE+UNDOCK	74+5
9002	2	1014	21014	3001	MOVE_INIT2_TO_STORAGE+DOCK+RELEASE+UNDOCK	5+10+74+5
9002	2	1020	21020	3003	MOVE_STORAGE_TO_COL2+DOCK+FILL_BLUE+UNDOCK	5+10+12+5
9002	2	1030	21030	3004	MOVE_COL2_TO_MIX+DOCK+GRAB+MIX+RELEASE+UNDOCK	5+10+36+85+39+5
9002	2	1040	21040	3001	MOVE_MIX_TO_STORAGE+DOCK+GRAB	5+10+87
9002	2	1901	21901	3999	DUMMY	0
9002	2	1902	21902	3999	DUMMY	0
9002	2	1951	21951	3001	MOVE_MIX_TO_STORAGE+MOVE_OTHER_AGV_TO_INIT+DOCK+GRAB	5+5+10+87
9002	2	1952	21952	3001	MOVE_MIX_TO_STORAGE+MOVE_OTHER_AGV_TO_INIT+DOCK+GRAB	5+5+10+87
9002	2	1050	21050	3011	HARDEN	360
9002	2	1061	21061	3001	RELEASE+UNDOCK	74+5
9002	2	1062	21062	3001	MOVE_INIT1_TO_STORAGE+DOCK+RELEASE+UNDOCK	5+10+74+5
9002	2	1063	21063	3001	RELEASE+UNDOCK	74+5
9002	2	1064	21064	3001	MOVE_INIT2_TO_STORAGE+DOCK+RELEASE+UNDOCK	5+10+74+5
9002	2	1070	21070	3002	MOVE_STORAGE_TO_COL1+DOCK+FILL_YELLOW+UNDOCK	5+10+12+5
9002	2	1080	21080	3004	MOVE_COL1_TO_MIX+DOCK+GRAB+MIX+RELEASE+UNDOCK	5+10+36+85+39+5
9002	2	1090	21090	3001	MOVE_MIX_TO_STORAGE+DOCK+GRAB	5+10+87
9002	2	1903	21903	3999	DUMMY	0
9002	2	1904	21904	3999	DUMMY	0
9002	2	1953	21953	3001	MOVE_MIX_TO_STORAGE+MOVE_OTHER_AGV_TO_INIT+DOCK+GRAB	5+5+10+87
9002	2	1954	21954	3001	MOVE_MIX_TO_STORAGE+MOVE_OTHER_AGV_TO_INIT+DOCK+GRAB	5+5+10+87
9002	2	1100	21100	3011	HARDEN	360
9002	2	1111	21111	3001	RELEASE+UNDOCK	74+5
9002	2	1112	21112	3001	MOVE_INIT1_TO_STORAGE+DOCK+RELEASE+UNDOCK	5+10+74+5
9002	2	1113	21113	3001	RELEASE+UNDOCK	74+5
9002	2	1114	21114	3001	MOVE_INIT2_TO_STORAGE+DOCK+RELEASE+UNDOCK	5+10+74+5
9002	2	1120	21120	3003	MOVE_STORAGE_TO_COL2+DOCK+FILL_BLUE+UNDOCK	5+10+12+5
9002	2	1130	21130	3004	MOVE_COL2_TO_MIX+DOCK+GRAB+MIX+RELEASE+UNDOCK	5+10+36+85+39+5
9002	2	1140	21140	3001	MOVE_MIX_TO_STORAGE+DOCK+GRAB	5+10+87
9002	2	1905	21905	3999	DUMMY	0
9002	2	1906	21906	3999	DUMMY	0
9002	2	1955	21955	3001	MOVE_MIX_TO_STORAGE+MOVE_OTHER_AGV_TO_INIT+DOCK+GRAB	5+5+10+87
9002	2	1956	21956	3001	MOVE_MIX_TO_STORAGE+MOVE_OTHER_AGV_TO_INIT+DOCK+GRAB	5+5+10+87
9002	2	1150	21150	3011	HARDEN	360
9003	3	1011	31011	3001	RELEASE+UNDOCK	74+5
9003	3	1012	31012	3001	MOVE_INIT1_TO_STORAGE+DOCK+RELEASE+UNDOCK	5+10+74+5
9003	3	1013	31013	3001	RELEASE+UNDOCK	74+5
9003	3	1014	31014	3001	MOVE_INIT2_TO_STORAGE+DOCK+RELEASE+UNDOCK	5+10+74+5
9003	3	1021	31021	3002	MOVE_STORAGE_TO_COL1+DOCK+FILL_GREEN+UNDOCK	5+10+6+5
9003	3	1022	31022	3003	MOVE_STORAGE_TO_COL2+DOCK+FILL_GREEN+UNDOCK	5+10+6+5
9003	3	1031	31031	3003	MOVE_COL1_TO_COL2+DOCK+FILL_GREEN+UNDOCK	5+10+6+5
9003	3	1032	31032	3002	MOVE_COL2_TO_COL1+DOCK+FILL_GREEN+UNDOCK	5+10+6+5
9003	3	1041	31041	3004	MOVE_COL2_TO_MIX+DOCK+GRAB+MIX+RELEASE+UNDOCK	5+10+36+85+39+5
9003	3	1042	31042	3004	MOVE_COL1_TO_MIX+DOCK+GRAB+MIX+RELEASE+UNDOCK	5+10+36+85+39+5
9003	3	1050	31050	3001	MOVE_MIX_TO_STORAGE+DOCK+GRAB	5+10+87
9003	3	1901	31901	3999	DUMMY	0
9003	3	1902	31902	3999	DUMMY	0
9003	3	1951	31951	3001	MOVE_MIX_TO_STORAGE+MOVE_OTHER_AGV_TO_INIT+DOCK+GRAB	5+5+10+87
9003	3	1952	31952	3001	MOVE_MIX_TO_STORAGE+MOVE_OTHER_AGV_TO_INIT+DOCK+GRAB	5+5+10+87
9003	3	1060	31060	3012	HARDEN	360
9003	3	1071	31071	3001	RELEASE+UNDOCK	74+5
9003	3	1072	31072	3001	MOVE_INIT1_TO_STORAGE+DOCK+RELEASE+UNDOCK	5+10+74+5
9003	3	1073	31073	3001	RELEASE+UNDOCK	74+5
9003	3	1074	31074	3001	MOVE_INIT2_TO_STORAGE+DOCK+RELEASE+UNDOCK	5+10+74+5
9003	3	1080	31080	3002	MOVE_STORAGE_TO_COL1+DOCK+FILL_YELLOW+UNDOCK	5+10+12+5
9003	3	1090	31090	3004	MOVE_COL1_TO_MIX+DOCK+GRAB+MIX+RELEASE+UNDOCK	5+10+36+85+39+5
9003	3	1100	31100	3001	MOVE_MIX_TO_STORAGE+DOCK+GRAB	5+10+87
9003	3	1903	31903	3999	DUMMY	0
9003	3	1904	31904	3999	DUMMY	0
9003	3	1953	31953	3001	MOVE_MIX_TO_STORAGE+MOVE_OTHER_AGV_TO_INIT+DOCK+GRAB	5+5+10+87
9003	3	1954	31954	3001	MOVE_MIX_TO_STORAGE+MOVE_OTHER_AGV_TO_INIT+DOCK+GRAB	5+5+10+87
9003	3	1110	31110	3012	HARDEN	360
9003	3	1121	31121	3001	RELEASE+UNDOCK	74+5
9003	3	1122	31122	3001	MOVE_INIT1_TO_STORAGE+DOCK+RELEASE+UNDOCK	5+10+74+5
9003	3	1123	31123	3001	RELEASE+UNDOCK	74+5
9003	3	1124	31124	3001	MOVE_INIT2_TO_STORAGE+DOCK+RELEASE+UNDOCK	5+10+74+5
9003	3	1130	31130	3002	MOVE_STORAGE_TO_COL1+DOCK+FILL_BLACK+UNDOCK	5+10+12+5
9003	3	1140	31140	3004	MOVE_COL1_TO_MIX+DOCK+GRAB+MIX+RELEASE+UNDOCK	5+10+36+85+39+5
9003	3	1150	31150	3001	MOVE_MIX_TO_STORAGE+DOCK+GRAB	5+10+87
9003	3	1905	31905	3999	DUMMY	0
9003	3	1906	31906	3999	DUMMY	0
9003	3	1955	31955	3001	MOVE_MIX_TO_STORAGE+MOVE_OTHER_AGV_TO_INIT+DOCK+GRAB	5+5+10+87
9003	3	1956	31956	3001	MOVE_MIX_TO_STORAGE+MOVE_OTHER_AGV_TO_INIT+DOCK+GRAB	5+5+10+87
9003	3	1160	31160	3012	HARDEN	360
9004	4	1011	41011	3001	RELEASE+UNDOCK	74+5
9004	4	1012	41012	3001	MOVE_INIT1_TO_STORAGE+DOCK+RELEASE+UNDOCK	5+10+74+5
9004	4	1013	41013	3001	RELEASE+UNDOCK	74+5
9004	4	1014	41014	3001	MOVE_INIT2_TO_STORAGE+DOCK+RELEASE+UNDOCK	5+10+74+5
9004	4	1020	41020	3003	MOVE_STORAGE_TO_COL2+DOCK+FILL_PURPLE+UNDOCK	5+10+12+5
9004	4	1030	41030	3004	MOVE_COL2_TO_MIX+DOCK+GRAB+MIX+RELEASE+UNDOCK	5+10+36+85+39+5
9004	4	1040	41040	3001	MOVE_MIX_TO_STORAGE+DOCK+GRAB	5+10+87
9004	4	1901	41901	3999	DUMMY	0
9004	4	1902	41902	3999	DUMMY	0
9004	4	1951	41951	3001	MOVE_MIX_TO_STORAGE+MOVE_OTHER_AGV_TO_INIT+DOCK+GRAB	5+5+10+87
9004	4	1952	41952	3001	MOVE_MIX_TO_STORAGE+MOVE_OTHER_AGV_TO_INIT+DOCK+GRAB	5+5+10+87
9004	4	1050	41050	3013	HARDEN	360
9004	4	1061	41061	3001	RELEASE+UNDOCK	74+5
9004	4	1062	41062	3001	MOVE_INIT1_TO_STORAGE+DOCK+RELEASE+UNDOCK	5+10+74+5
9004	4	1063	41063	3001	RELEASE+UNDOCK	74+5
9004	4	1064	41064	3001	MOVE_INIT2_TO_STORAGE+DOCK+RELEASE+UNDOCK	5+10+74+5
9004	4	1071	41071	3002	MOVE_STORAGE_TO_COL1+DOCK+FILL_GREEN+UNDOCK	5+10+6+5
9004	4	1072	41072	3003	MOVE_STORAGE_TO_COL2+DOCK+FILL_GREEN+UNDOCK	5+10+6+5
9004	4	1081	41081	3003	MOVE_COL1_TO_COL2+DOCK+FILL_GREEN+UNDOCK	5+10+6+5
9004	4	1082	41082	3002	MOVE_COL2_TO_COL1+DOCK+FILL_GREEN+UNDOCK	5+10+6+5
9004	4	1091	41091	3004	MOVE_COL2_TO_MIX+DOCK+GRAB+MIX+RELEASE+UNDOCK	5+10+36+85+39+5
9004	4	1092	41092	3004	MOVE_COL1_TO_MIX+DOCK+GRAB+MIX+RELEASE+UNDOCK	5+10+36+85+39+5
9004	4	1100	41100	3001	MOVE_MIX_TO_STORAGE+DOCK+GRAB	5+10+87
9004	4	1903	41903	3999	DUMMY	0
9004	4	1904	41904	3999	DUMMY	0
9004	4	1953	41953	3001	MOVE_MIX_TO_STORAGE+MOVE_OTHER_AGV_TO_INIT+DOCK+GRAB	5+5+10+87
9004	4	1954	41954	3001	MOVE_MIX_TO_STORAGE+MOVE_OTHER_AGV_TO_INIT+DOCK+GRAB	5+5+10+87
9004	4	1110	41110	3013	HARDEN	360
9004	4	1121	41121	3001	RELEASE+UNDOCK	74+5
9004	4	1122	41122	3001	MOVE_INIT1_TO_STORAGE+DOCK+RELEASE+UNDOCK	5+10+74+5
9004	4	1123	41123	3001	RELEASE+UNDOCK	74+5
9004	4	1124	41124	3001	MOVE_INIT2_TO_STORAGE+DOCK+RELEASE+UNDOCK	5+10+74+5
9004	4	1131	41131	3002	MOVE_STORAGE_TO_COL1+DOCK+FILL_ORANGE+UNDOCK	5+10+6+5
9004	4	1132	41132	3003	MOVE_STORAGE_TO_COL2+DOCK+FILL_ORANGE+UNDOCK	5+10+6+5
9004	4	1141	41141	3003	MOVE_COL1_TO_COL2+DOCK+FILL_ORANGE+UNDOCK	5+10+6+5
9004	4	1142	41142	3002	MOVE_COL2_TO_COL1+DOCK+FILL_ORANGE+UNDOCK	5+10+6+5
9004	4	1151	41151	3004	MOVE_COL2_TO_MIX+DOCK+GRAB+MIX+RELEASE+UNDOCK	5+10+36+85+39+5
9004	4	1152	41152	3004	MOVE_COL1_TO_MIX+DOCK+GRAB+MIX+RELEASE+UNDOCK	5+10+36+85+39+5
9004	4	1160	41160	3001	MOVE_MIX_TO_STORAGE+DOCK+GRAB	5+10+87
9004	4	1905	41905	3999	DUMMY	0
9004	4	1906	41906	3999	DUMMY	0
9004	4	1955	41955	3001	MOVE_MIX_TO_STORAGE+MOVE_OTHER_AGV_TO_INIT+DOCK+GRAB	5+5+10+87
9004	4	1956	41956	3001	MOVE_MIX_TO_STORAGE+MOVE_OTHER_AGV_TO_INIT+DOCK+GRAB	5+5+10+87
9004	4	1170	41170	3013	HARDEN	360
9005	5	1011	51011	3001	RELEASE+UNDOCK	74+5
9005	5	1012	51012	3001	MOVE_INIT1_TO_STORAGE+DOCK+RELEASE+UNDOCK	5+10+74+5
9005	5	1013	51013	3001	RELEASE+UNDOCK	74+5
9005	5	1014	51014	3001	MOVE_INIT2_TO_STORAGE+DOCK+RELEASE+UNDOCK	5+10+74+5
9005	5	1020	51020	3003	MOVE_STORAGE_TO_COL2+DOCK+FILL_BLUE+UNDOCK	5+10+12+5
9005	5	1030	51030	3004	MOVE_COL2_TO_MIX+DOCK+GRAB+MIX+RELEASE+UNDOCK	5+10+36+85+39+5
9005	5	1040	51040	3001	MOVE_MIX_TO_STORAGE+DOCK+GRAB	5+10+87
9005	5	1901	51901	3999	DUMMY	0
9005	5	1902	51902	3999	DUMMY	0
9005	5	1951	51951	3001	MOVE_MIX_TO_STORAGE+MOVE_OTHER_AGV_TO_INIT+DOCK+GRAB	5+5+10+87
9005	5	1952	51952	3001	MOVE_MIX_TO_STORAGE+MOVE_OTHER_AGV_TO_INIT+DOCK+GRAB	5+5+10+87
9005	5	1050	51050	3014	HARDEN	360
9005	5	1061	51061	3001	RELEASE+UNDOCK	74+5
9005	5	1062	51062	3001	MOVE_INIT1_TO_STORAGE+DOCK+RELEASE+UNDOCK	5+10+74+5
9005	5	1063	51063	3001	RELEASE+UNDOCK	74+5
9005	5	1064	51064	3001	MOVE_INIT2_TO_STORAGE+DOCK+RELEASE+UNDOCK	5+10+74+5
9005	5	1070	51070	3003	MOVE_STORAGE_TO_COL2+DOCK+FILL_BLUE+UNDOCK	5+10+12+5
9005	5	1080	51080	3004	MOVE_COL2_TO_MIX+DOCK+GRAB+MIX+RELEASE+UNDOCK	5+10+36+85+39+5
9005	5	1090	51090	3001	MOVE_MIX_TO_STORAGE+DOCK+GRAB	5+10+87
9005	5	1903	51903	3999	DUMMY	0
9005	5	1904	51904	3999	DUMMY	0
9005	5	1953	51953	3001	MOVE_MIX_TO_STORAGE+MOVE_OTHER_AGV_TO_INIT+DOCK+GRAB	5+5+10+87
9005	5	1954	51954	3001	MOVE_MIX_TO_STORAGE+MOVE_OTHER_AGV_TO_INIT+DOCK+GRAB	5+5+10+87
9005	5	1100	51100	3014	HARDEN	360
9005	5	1111	51111	3001	RELEASE+UNDOCK	74+5
9005	5	1112	51112	3001	MOVE_INIT1_TO_STORAGE+DOCK+RELEASE+UNDOCK	5+10+74+5
9005	5	1113	51113	3001	RELEASE+UNDOCK	74+5
9005	5	1114	51114	3001	MOVE_INIT2_TO_STORAGE+DOCK+RELEASE+UNDOCK	5+10+74+5
9005	5	1120	51120	3002	MOVE_STORAGE_TO_COL1+DOCK+FILL_BLACK+UNDOCK	5+10+12+5
9005	5	1130	51130	3004	MOVE_COL1_TO_MIX+DOCK+GRAB+MIX+RELEASE+UNDOCK	5+10+36+85+39+5
9005	5	1140	51140	3001	MOVE_MIX_TO_STORAGE+DOCK+GRAB	5+10+87
9005	5	1905	51905	3999	DUMMY	0
9005	5	1906	51906	3999	DUMMY	0
9005	5	1955	51955	3001	MOVE_MIX_TO_STORAGE+MOVE_OTHER_AGV_TO_INIT+DOCK+GRAB	5+5+10+87
9005	5	1956	51956	3001	MOVE_MIX_TO_STORAGE+MOVE_OTHER_AGV_TO_INIT+DOCK+GRAB	5+5+10+87
9005	5	1150	51150	3014	HARDEN	360
9006	6	1011	61011	3001	RELEASE+UNDOCK	74+5
9006	6	1012	61012	3001	MOVE_INIT1_TO_STORAGE+DOCK+RELEASE+UNDOCK	5+10+74+5
9006	6	1013	61013	3001	RELEASE+UNDOCK	74+5
9006	6	1014	61014	3001	MOVE_INIT2_TO_STORAGE+DOCK+RELEASE+UNDOCK	5+10+74+5
9006	6	1020	61020	3002	MOVE_STORAGE_TO_COL1+DOCK+FILL_BLACK+UNDOCK	5+10+12+5
9006	6	1030	61030	3004	MOVE_COL1_TO_MIX+DOCK+GRAB+MIX+RELEASE+UNDOCK	5+10+36+85+39+5
9006	6	1040	61040	3001	MOVE_MIX_TO_STORAGE+DOCK+GRAB	5+10+87
9006	6	1901	61901	3999	DUMMY	0
9006	6	1902	61902	3999	DUMMY	0
9006	6	1951	61951	3001	MOVE_MIX_TO_STORAGE+MOVE_OTHER_AGV_TO_INIT+DOCK+GRAB	5+5+10+87
9006	6	1952	61952	3001	MOVE_MIX_TO_STORAGE+MOVE_OTHER_AGV_TO_INIT+DOCK+GRAB	5+5+10+87
9006	6	1050	61050	3015	HARDEN	360
9006	6	1061	61061	3001	RELEASE+UNDOCK	74+5
9006	6	1062	61062	3001	MOVE_INIT1_TO_STORAGE+DOCK+RELEASE+UNDOCK	5+10+74+5
9006	6	1063	61063	3001	RELEASE+UNDOCK	74+5
9006	6	1064	61064	3001	MOVE_INIT2_TO_STORAGE+DOCK+RELEASE+UNDOCK	5+10+74+5
9006	6	1071	61071	3002	MOVE_STORAGE_TO_COL1+DOCK+FILL_ORANGE+UNDOCK	5+10+6+5
9006	6	1072	61072	3003	MOVE_STORAGE_TO_COL2+DOCK+FILL_ORANGE+UNDOCK	5+10+6+5
9006	6	1081	61081	3003	MOVE_COL1_TO_COL2+DOCK+FILL_ORANGE+UNDOCK	5+10+6+5
9006	6	1082	61082	3002	MOVE_COL2_TO_COL1+DOCK+FILL_ORANGE+UNDOCK	5+10+6+5
9006	6	1091	61091	3004	MOVE_COL2_TO_MIX+DOCK+GRAB+MIX+RELEASE+UNDOCK	5+10+36+85+39+5
9006	6	1092	61092	3004	MOVE_COL1_TO_MIX+DOCK+GRAB+MIX+RELEASE+UNDOCK	5+10+36+85+39+5
9006	6	1100	61100	3001	MOVE_MIX_TO_STORAGE+DOCK+GRAB	5+10+87
9006	6	1903	61903	3999	DUMMY	0
9006	6	1904	61904	3999	DUMMY	0
9006	6	1953	61953	3001	MOVE_MIX_TO_STORAGE+MOVE_OTHER_AGV_TO_INIT+DOCK+GRAB	5+5+10+87
9006	6	1954	61954	3001	MOVE_MIX_TO_STORAGE+MOVE_OTHER_AGV_TO_INIT+DOCK+GRAB	5+5+10+87
9006	6	1110	61110	3015	HARDEN	360
9006	6	1121	61121	3001	RELEASE+UNDOCK	74+5
9006	6	1122	61122	3001	MOVE_INIT1_TO_STORAGE+DOCK+RELEASE+UNDOCK	5+10+74+5
9006	6	1123	61123	3001	RELEASE+UNDOCK	74+5
9006	6	1124	61124	3001	MOVE_INIT2_TO_STORAGE+DOCK+RELEASE+UNDOCK	5+10+74+5
9006	6	1130	61130	3003	MOVE_STORAGE_TO_COL2+DOCK+FILL_RED+UNDOCK	5+10+12+5
9006	6	1140	61140	3004	MOVE_COL2_TO_MIX+DOCK+GRAB+MIX+RELEASE+UNDOCK	5+10+36+85+39+5
9006	6	1150	61150	3001	MOVE_MIX_TO_STORAGE+DOCK+GRAB	5+10+87
9006	6	1905	61905	3999	DUMMY	0
9006	6	1906	61906	3999	DUMMY	0
9006	6	1955	61955	3001	MOVE_MIX_TO_STORAGE+MOVE_OTHER_AGV_TO_INIT+DOCK+GRAB	5+5+10+87
9006	6	1956	61956	3001	MOVE_MIX_TO_STORAGE+MOVE_OTHER_AGV_TO_INIT+DOCK+GRAB	5+5+10+87
9006	6	1160	61160	3015	HARDEN	360
